Build started 28-Aug-17 12:21:45.
     1>Project "D:\Documents\GitHub\cs-go-nice\cs go nice\cs go nice.vcxproj" on node 2 (Build target(s)).
     1>ClCompile:
         D:\Microsoft Visual Studio 12.0\VC\bin\CL.exe /c /ZI /nologo /W3 /WX- /sdl /Od /Oy- /D _MBCS /Gm /EHsc /RTC1 /MDd /GS /fp:precise /Zc:wchar_t /Zc:forScope /Fo"Debug\\" /Fd"Debug\vc120.pdb" /Gd /TP /analyze- /errorReport:prompt Aimbot.cpp
         Aimbot.cpp
     1>d:\documents\github\cs-go-nice\cs go nice\control.h(6): warning C4091: 'typedef ' : ignored on left of 'vec3' when no variable is declared
     1>d:\documents\github\cs-go-nice\cs go nice\control.h(7): warning C4091: 'typedef ' : ignored on left of 'angle' when no variable is declared
       Link:
         D:\Microsoft Visual Studio 12.0\VC\bin\link.exe /ERRORREPORT:PROMPT /OUT:"D:\Documents\GitHub\cs-go-nice\Debug\cs go nice.exe" /INCREMENTAL /NOLOGO kernel32.lib user32.lib gdi32.lib winspool.lib comdlg32.lib advapi32.lib shell32.lib ole32.lib oleaut32.lib uuid.lib odbc32.lib odbccp32.lib /MANIFEST /MANIFESTUAC:"level='asInvoker' uiAccess='false'" /manifest:embed /DEBUG /PDB:"D:\Documents\GitHub\cs-go-nice\Debug\cs go nice.pdb" /TLBID:1 /DYNAMICBASE /NXCOMPAT /IMPLIB:"D:\Documents\GitHub\cs-go-nice\Debug\cs go nice.lib" /MACHINE:X86 Debug\Aimbot.obj
         Debug\Bunnyhop.obj
         Debug\EntityManager.obj
         Debug\Glow.obj
         "Debug\Local Player.obj"
         Debug\Main.obj
         Debug\Noflash.obj
         "Debug\Process Control.obj"
         Debug\RCS.obj
         Debug\Triggerbot.obj
         cs go nice.vcxproj -> D:\Documents\GitHub\cs-go-nice\Debug\cs go nice.exe
     1>Done Building Project "D:\Documents\GitHub\cs-go-nice\cs go nice\cs go nice.vcxproj" (Build target(s)).

Build succeeded.

Time Elapsed 00:00:01.02
